[debug] [2018-09-18T15:31:24.453Z] ----------------------------------------------------------------------
[debug] [2018-09-18T15:31:24.456Z] Command:       D:\node.exe C:\Users\xboxm\AppData\Roaming\npm\node_modules\firebase-tools\bin\firebase deploy --only functions
[debug] [2018-09-18T15:31:24.456Z] CLI Version:   4.2.1
[debug] [2018-09-18T15:31:24.456Z] Platform:      win32
[debug] [2018-09-18T15:31:24.456Z] Node Version:  v8.11.2
[debug] [2018-09-18T15:31:24.457Z] Time:          Tue Sep 18 2018 17:31:24 GMT+0200 (Romance Summer Time)
[debug] [2018-09-18T15:31:24.457Z] ----------------------------------------------------------------------
[debug] 
[debug] [2018-09-18T15:31:24.460Z] > command requires scopes: ["email","openid","https://www.googleapis.com/auth/cloudplatformprojects.readonly","https://www.googleapis.com/auth/firebase","https://www.googleapis.com/auth/cloud-platform"]
[debug] [2018-09-18T15:31:24.460Z] > authorizing via signed-in user
[debug] [2018-09-18T15:31:24.460Z] > refreshing access token with scopes: ["email","https://www.googleapis.com/auth/cloud-platform","https://www.googleapis.com/auth/cloudplatformprojects.readonly","https://www.googleapis.com/auth/firebase","openid"]
[debug] [2018-09-18T15:31:24.460Z] >>> HTTP REQUEST POST https://www.googleapis.com/oauth2/v3/token  

[debug] [2018-09-18T15:31:24.665Z] <<< HTTP RESPONSE 200
[debug] [2018-09-18T15:31:24.681Z] >>> HTTP REQUEST GET https://admin.firebase.com/v1/projects/single-network  
 
[debug] [2018-09-18T15:31:25.308Z] <<< HTTP RESPONSE 200
[info] 
[info] === Deploying to 'single-network'...
[info] 
[info] i  deploying functions
[info] Running command: npm --prefix "%RESOURCE_DIR%" run lint
[info] Running command: npm --prefix "%RESOURCE_DIR%" run build
[info] +  functions: Finished running predeploy script.
[debug] [2018-09-18T15:31:36.510Z] > [functions] package.json contents: {
  "name": "functions",
  "scripts": {
    "lint": "tslint --project tsconfig.json",
    "build": "tsc",
    "serve": "npm run build && firebase serve --only functions",
    "shell": "npm run build && firebase functions:shell",
    "start": "npm run shell",
    "deploy": "firebase deploy --only functions",
    "logs": "firebase functions:log"
  },
  "main": "lib/index.js",
  "dependencies": {
    "@sendgrid/mail": "^6.3.1",
    "firebase-admin": "~6.0.0",
    "firebase-functions": "^2.0.3"
  },
  "devDependencies": {
    "tslint": "~5.8.0",
    "typescript": "~2.8.3"
  },
  "private": true
}
[info] i  functions: ensuring necessary APIs are enabled...
[debug] [2018-09-18T15:31:36.510Z] >>> HTTP REQUEST GET https://servicemanagement.googleapis.com/v1/services/cloudfunctions.googleapis.com/projectSettings/single-network?view=CONSUMER_VIEW  
 
[debug] [2018-09-18T15:31:36.510Z] >>> HTTP REQUEST GET https://servicemanagement.googleapis.com/v1/services/runtimeconfig.googleapis.com/projectSettings/single-network?view=CONSUMER_VIEW  
 
[debug] [2018-09-18T15:31:37.723Z] <<< HTTP RESPONSE 200
[debug] [2018-09-18T15:31:37.785Z] <<< HTTP RESPONSE 200
[info] +  functions: all necessary APIs are enabled
[debug] [2018-09-18T15:31:37.788Z] >>> HTTP REQUEST GET https://cloudresourcemanager.googleapis.com/v1/projects/single-network  
 
[debug] [2018-09-18T15:31:38.616Z] <<< HTTP RESPONSE 200
[debug] [2018-09-18T15:31:38.616Z] >>> HTTP REQUEST GET https://mobilesdk-pa.googleapis.com/v1/projects/822295237709:getServerAppConfig  
 
[debug] [2018-09-18T15:31:38.819Z] <<< HTTP RESPONSE 200
[info] i  functions: preparing functions directory for uploading...
[debug] [2018-09-18T15:31:38.819Z] >>> HTTP REQUEST GET https://runtimeconfig.googleapis.com/v1beta1/projects/single-network/configs  
 
[debug] [2018-09-18T15:31:39.241Z] <<< HTTP RESPONSE 200
[info] i  functions: packaged functions (47.66 KB) for uploading
[debug] [2018-09-18T15:31:39.757Z] >>> HTTP REQUEST POST https://cloudfunctions.googleapis.com/v1/projects/single-network/locations/us-central1/functions:generateUploadUrl  
 
[debug] [2018-09-18T15:31:40.069Z] <<< HTTP RESPONSE 200
[debug] [2018-09-18T15:31:40.069Z] >>> HTTP REQUEST PUT https://storage.googleapis.com/gcf-upload-us-central1-566186ee-08f4-45a5-8dd6-2d7c0056015f/a07aa421-5b44-4d31-9084-e0d313151ca6.zip?GoogleAccessId=service-822295237709@gcf-admin-robot.iam.gserviceaccount.com&Expires=1537286499&Signature=EnjtMV2Za7%2F2bb%2Faw1FDyasxNHjzVo4TGoxrlRYlLpiVuPqqAR9dFiIedywk2WkdSEF%2F8GNP4b4bMqWtm2s8YXhO%2BO%2BuNBZkjsvb0uRabj%2BA211fGx3rArHisLJm76KKYOEGVECgRTWcIknpq3kSToi4Cnspu5m5RwT4HpmsPsQU0YtM4QTE7rdCe7F65GbRQJqPMp3B%2BoSC7%2F0FGYddwxYhQhzyDmlYHXX2BBNtnRghA83axyk9%2F01XC%2Faao%2BBhi9zmrOZ8KcLgbdvNkBRKDoWc%2FN6YRXMuqCXQFEEKdPAHo6uN3N8c0vO%2B6jY1NWlFqGJGCJAnDjoDukguAqVOXw%3D%3D  

[debug] [2018-09-18T15:31:40.623Z] <<< HTTP RESPONSE 200
[info] +  functions: functions folder uploaded successfully
[debug] [2018-09-18T15:31:40.623Z] >>> HTTP REQUEST GET https://cloudfunctions.googleapis.com/v1/projects/single-network/locations/-/functions  
 
[debug] [2018-09-18T15:31:41.061Z] <<< HTTP RESPONSE 200
[info] i  functions: updating Node.js 6 function helloWorld(us-central1)...
[debug] [2018-09-18T15:31:41.061Z] Trigger is:  {"httpsTrigger":{}}
[info] i  functions: updating Node.js 6 function sendContactMail(us-central1)...
[debug] [2018-09-18T15:31:41.061Z] Trigger is:  {"httpsTrigger":{}}
[debug] [2018-09-18T15:31:41.061Z] >>> HTTP REQUEST PATCH https://cloudfunctions.googleapis.com/v1/projects/single-network/locations/us-central1/functions/helloWorld 
query params: {"updateMask":"sourceUploadUrl,name,labels,httpsTrigger"} 

[debug] [2018-09-18T15:31:41.061Z] >>> HTTP REQUEST PATCH https://cloudfunctions.googleapis.com/v1/projects/single-network/locations/us-central1/functions/sendContactMail 
query params: {"updateMask":"sourceUploadUrl,name,labels,httpsTrigger"} 

[debug] [2018-09-18T15:31:41.397Z] <<< HTTP RESPONSE 200
[debug] [2018-09-18T15:31:41.428Z] <<< HTTP RESPONSE 200
[debug] [2018-09-18T15:31:41.428Z] >>> HTTP REQUEST GET https://cloudfunctions.googleapis.com/v1/projects/single-network/locations/-/functions  
 
[debug] [2018-09-18T15:31:41.827Z] <<< HTTP RESPONSE 200
[debug] [2018-09-18T15:31:41.827Z] >>> HTTP REQUEST GET https://cloudfunctions.googleapis.com/v1/operations/c2luZ2xlLW5ldHdvcmsvdXMtY2VudHJhbDEvaGVsbG9Xb3JsZC84OTNzSUk4ZXAyNA  
 
[debug] [2018-09-18T15:31:41.827Z] >>> HTTP REQUEST GET https://cloudfunctions.googleapis.com/v1/operations/c2luZ2xlLW5ldHdvcmsvdXMtY2VudHJhbDEvc2VuZENvbnRhY3RNYWlsL1ZuM3lQSFAzWFlZ  
 
[debug] [2018-09-18T15:31:42.062Z] <<< HTTP RESPONSE 200
[debug] [2018-09-18T15:31:44.076Z] >>> HTTP REQUEST GET https://cloudfunctions.googleapis.com/v1/operations/c2luZ2xlLW5ldHdvcmsvdXMtY2VudHJhbDEvc2VuZENvbnRhY3RNYWlsL1ZuM3lQSFAzWFlZ  
 
[debug] [2018-09-18T15:31:44.302Z] <<< HTTP RESPONSE 200
[debug] [2018-09-18T15:31:46.309Z] >>> HTTP REQUEST GET https://cloudfunctions.googleapis.com/v1/operations/c2luZ2xlLW5ldHdvcmsvdXMtY2VudHJhbDEvc2VuZENvbnRhY3RNYWlsL1ZuM3lQSFAzWFlZ  
 
[debug] [2018-09-18T15:31:46.539Z] <<< HTTP RESPONSE 200
[debug] [2018-09-18T15:31:48.547Z] >>> HTTP REQUEST GET https://cloudfunctions.googleapis.com/v1/operations/c2luZ2xlLW5ldHdvcmsvdXMtY2VudHJhbDEvc2VuZENvbnRhY3RNYWlsL1ZuM3lQSFAzWFlZ  
 
[debug] [2018-09-18T15:31:48.851Z] <<< HTTP RESPONSE 200
[debug] [2018-09-18T15:31:50.852Z] >>> HTTP REQUEST GET https://cloudfunctions.googleapis.com/v1/operations/c2luZ2xlLW5ldHdvcmsvdXMtY2VudHJhbDEvc2VuZENvbnRhY3RNYWlsL1ZuM3lQSFAzWFlZ  
 
[debug] [2018-09-18T15:31:51.105Z] <<< HTTP RESPONSE 200
[debug] [2018-09-18T15:31:53.107Z] >>> HTTP REQUEST GET https://cloudfunctions.googleapis.com/v1/operations/c2luZ2xlLW5ldHdvcmsvdXMtY2VudHJhbDEvc2VuZENvbnRhY3RNYWlsL1ZuM3lQSFAzWFlZ  
 
[debug] [2018-09-18T15:31:53.327Z] <<< HTTP RESPONSE 200
[debug] [2018-09-18T15:31:55.329Z] >>> HTTP REQUEST GET https://cloudfunctions.googleapis.com/v1/operations/c2luZ2xlLW5ldHdvcmsvdXMtY2VudHJhbDEvc2VuZENvbnRhY3RNYWlsL1ZuM3lQSFAzWFlZ  
 
[debug] [2018-09-18T15:31:55.559Z] <<< HTTP RESPONSE 200
[info] +  functions[sendContactMail(us-central1)]: Successful update operation. 
